This file contains any messages produced by compilers while
running configure, to aid debugging if configure makes a mistake.

It was created by conti-gdbus-example configure 1.0.0, which was
generated by GNU Autoconf 2.68.  Invocation command line was

  $ ./configure 

## --------- ##
## Platform. ##
## --------- ##

hostname = hiv8039u
uname -m = x86_64
uname -r = 3.13.0-95-generic
uname -s = Linux
uname -v = #142~precise1-Ubuntu SMP Fri Aug 12 18:20:15 UTC 2016

/usr/bin/uname -p = unknown
/bin/uname -X     = unknown

/bin/arch              = unknown
/usr/bin/arch -k       = unknown
/usr/convex/getsysinfo = unknown
/usr/bin/hostinfo      = unknown
/bin/machine           = unknown
/usr/bin/oslevel       = unknown
/bin/universe          = unknown

PATH: /home/uidj4668/bin
PATH: /home/uidj4668/bin
PATH: /usr/lib/lightdm/lightdm
PATH: /usr/local/sbin
PATH: /usr/local/bin
PATH: /usr/sbin
PATH: /usr/bin
PATH: /sbin
PATH: /bin
PATH: /usr/games
PATH: /home/uidj4668/.rvm/bin
PATH: /PROJ/LinuxTools/SCC/Klocwork/v10/user64/bin
PATH: /PROJ/LinuxTools/SCC/Klocwork/v10/user64/bin
PATH: /home/uidj4668/.rvm/bin


## ----------- ##
## Core tests. ##
## ----------- ##

configure:1863: checking for a BSD-compatible install
configure:1931: result: /usr/bin/install -c
configure:1942: checking whether build environment is sane
configure:1992: result: yes
configure:2133: checking for a thread-safe mkdir -p
configure:2172: result: /bin/mkdir -p
configure:2185: checking for gawk
configure:2201: found /usr/bin/gawk
configure:2212: result: gawk
configure:2223: checking whether make sets $(MAKE)
configure:2245: result: yes
configure:2320: checking how to create a ustar tar archive
configure:2333: tar --version
tar (GNU tar) 1.26
Copyright (C) 2011 Free Software Foundation, Inc.
License GPLv3+: GNU GPL version 3 or later <http://gnu.org/licenses/gpl.html>.
This is free software: you are free to change and redistribute it.
There is NO WARRANTY, to the extent permitted by law.

Written by John Gilmore and Jay Fenlason.
configure:2336: $? = 0
configure:2376: tardir=conftest.dir && eval tar --format=ustar -chf - "$tardir" >conftest.tar
tar: value 500074207 out of uid_t range 0..2097151
tar: Exiting with failure status due to previous errors
configure:2379: $? = 2
configure:2383: tar -xf - <conftest.tar
configure:2386: $? = 0
configure:2376: tardir=conftest.dir && eval pax -L -x ustar -w "$tardir" >conftest.tar
./configure: line 2377: pax: command not found
configure:2379: $? = 127
configure:2376: tardir=conftest.dir && eval find "$tardir" -print | cpio -o -H ustar -L >conftest.tar
5 blocks
configure:2379: $? = 0
configure:2383: cpio -i -H ustar -d <conftest.tar
4 blocks
configure:2386: $? = 0
configure:2399: result: cpio
configure:2456: checking for gcc
configure:2472: found /usr/bin/gcc
configure:2483: result: gcc
configure:2712: checking for C compiler version
configure:2721: gcc --version >&5
gcc (Ubuntu/Linaro 4.6.3-1ubuntu5) 4.6.3
Copyright (C) 2011 Free Software Foundation, Inc.
This is free software; see the source for copying conditions.  There is NO
warranty; not even for MERCHANTABILITY or FITNESS FOR A PARTICULAR PURPOSE.

configure:2732: $? = 0
configure:2721: gcc -v >&5
Using built-in specs.
COLLECT_GCC=gcc
COLLECT_LTO_WRAPPER=/usr/lib/gcc/x86_64-linux-gnu/4.6/lto-wrapper
Target: x86_64-linux-gnu
Configured with: ../src/configure -v --with-pkgversion='Ubuntu/Linaro 4.6.3-1ubuntu5' --with-bugurl=file:///usr/share/doc/gcc-4.6/README.Bugs --enable-languages=c,c++,fortran,objc,obj-c++ --prefix=/usr --program-suffix=-4.6 --enable-shared --enable-linker-build-id --with-system-zlib --libexecdir=/usr/lib --without-included-gettext --enable-threads=posix --with-gxx-include-dir=/usr/include/c++/4.6 --libdir=/usr/lib --enable-nls --with-sysroot=/ --enable-clocale=gnu --enable-libstdcxx-debug --enable-libstdcxx-time=yes --enable-gnu-unique-object --enable-plugin --enable-objc-gc --disable-werror --with-arch-32=i686 --with-tune=generic --enable-checking=release --build=x86_64-linux-gnu --host=x86_64-linux-gnu --target=x86_64-linux-gnu
Thread model: posix
gcc version 4.6.3 (Ubuntu/Linaro 4.6.3-1ubuntu5) 
configure:2732: $? = 0
configure:2721: gcc -V >&5
gcc: error: unrecognized option '-V'
gcc: fatal error: no input files
compilation terminated.
configure:2732: $? = 4
configure:2721: gcc -qversion >&5
gcc: error: unrecognized option '-qversion'
gcc: fatal error: no input files
compilation terminated.
configure:2732: $? = 4
configure:2752: checking whether the C compiler works
configure:2774: gcc    conftest.c  >&5
configure:2778: $? = 0
configure:2826: result: yes
configure:2829: checking for C compiler default output file name
configure:2831: result: a.out
configure:2837: checking for suffix of executables
configure:2844: gcc -o conftest    conftest.c  >&5
configure:2848: $? = 0
configure:2870: result: 
configure:2892: checking whether we are cross compiling
configure:2900: gcc -o conftest    conftest.c  >&5
configure:2904: $? = 0
configure:2911: ./conftest
configure:2915: $? = 0
configure:2930: result: no
configure:2935: checking for suffix of object files
configure:2957: gcc -c   conftest.c >&5
configure:2961: $? = 0
configure:2982: result: o
configure:2986: checking whether we are using the GNU C compiler
configure:3005: gcc -c   conftest.c >&5
configure:3005: $? = 0
configure:3014: result: yes
configure:3023: checking whether gcc accepts -g
configure:3043: gcc -c -g  conftest.c >&5
configure:3043: $? = 0
configure:3084: result: yes
configure:3101: checking for gcc option to accept ISO C89
configure:3165: gcc  -c -g -O2  conftest.c >&5
configure:3165: $? = 0
configure:3178: result: none needed
configure:3209: checking for style of include used by make
configure:3237: result: GNU
configure:3263: checking dependency style of gcc
configure:3374: result: gcc3
configure:3390: checking whether gcc and cc understand -c and -o together
configure:3421: gcc -c conftest.c -o conftest2.o >&5
configure:3425: $? = 0
configure:3431: gcc -c conftest.c -o conftest2.o >&5
configure:3435: $? = 0
configure:3446: cc -c conftest.c >&5
configure:3450: $? = 0
configure:3458: cc -c conftest.c -o conftest2.o >&5
configure:3462: $? = 0
configure:3468: cc -c conftest.c -o conftest2.o >&5
configure:3472: $? = 0
configure:3490: result: yes
configure:3578: checking for pkg-config
configure:3596: found /usr/bin/pkg-config
configure:3608: result: /usr/bin/pkg-config
configure:3633: checking pkg-config is at least version 0.9.0
configure:3636: result: yes
configure:3646: checking for GIO
configure:3653: $PKG_CONFIG --exists --print-errors "gio-2.0                    >= 2.30.0 "
configure:3656: $? = 0
configure:3670: $PKG_CONFIG --exists --print-errors "gio-2.0                    >= 2.30.0 "
configure:3673: $? = 0
configure:3731: result: yes
configure:3737: checking for GIO_UNIX
configure:3744: $PKG_CONFIG --exists --print-errors "gio-unix-2.0               >= 2.30.0 "
configure:3747: $? = 0
configure:3761: $PKG_CONFIG --exists --print-errors "gio-unix-2.0               >= 2.30.0 "
configure:3764: $? = 0
configure:3822: result: yes
configure:3828: checking for GLIB
configure:3835: $PKG_CONFIG --exists --print-errors "glib-2.0                   >= 2.30.0 "
configure:3838: $? = 0
configure:3852: $PKG_CONFIG --exists --print-errors "glib-2.0                   >= 2.30.0 "
configure:3855: $? = 0
configure:3913: result: yes
configure:3919: checking for GOBJECT
configure:3926: $PKG_CONFIG --exists --print-errors "gobject-2.0                >= 2.30.0 "
configure:3929: $? = 0
configure:3943: $PKG_CONFIG --exists --print-errors "gobject-2.0                >= 2.30.0 "
configure:3946: $? = 0
configure:4004: result: yes
configure:4010: checking for DBUS
configure:4017: $PKG_CONFIG --exists --print-errors "dbus-1                     >= 1.4.10 "
configure:4020: $? = 0
configure:4034: $PKG_CONFIG --exists --print-errors "dbus-1                     >= 1.4.10 "
configure:4037: $? = 0
configure:4095: result: yes
configure:4281: creating ./config.status

## ---------------------- ##
## Running config.status. ##
## ---------------------- ##

This file was extended by conti-gdbus-example config.status 1.0.0, which was
generated by GNU Autoconf 2.68.  Invocation command line was

  CONFIG_FILES    = 
  CONFIG_HEADERS  = 
  CONFIG_LINKS    = 
  CONFIG_COMMANDS = 
  $ ./config.status 

on hiv8039u

config.status:794: creating Makefile
config.status:966: executing depfiles commands

## ---------------- ##
## Cache variables. ##
## ---------------- ##

ac_cv_c_compiler_gnu=yes
ac_cv_env_CC_set=
ac_cv_env_CC_value=
ac_cv_env_CFLAGS_set=
ac_cv_env_CFLAGS_value=
ac_cv_env_CPPFLAGS_set=
ac_cv_env_CPPFLAGS_value=
ac_cv_env_DBUS_CFLAGS_set=
ac_cv_env_DBUS_CFLAGS_value=
ac_cv_env_DBUS_LIBS_set=
ac_cv_env_DBUS_LIBS_value=
ac_cv_env_GIO_CFLAGS_set=
ac_cv_env_GIO_CFLAGS_value=
ac_cv_env_GIO_LIBS_set=
ac_cv_env_GIO_LIBS_value=
ac_cv_env_GIO_UNIX_CFLAGS_set=
ac_cv_env_GIO_UNIX_CFLAGS_value=
ac_cv_env_GIO_UNIX_LIBS_set=
ac_cv_env_GIO_UNIX_LIBS_value=
ac_cv_env_GLIB_CFLAGS_set=
ac_cv_env_GLIB_CFLAGS_value=
ac_cv_env_GLIB_LIBS_set=
ac_cv_env_GLIB_LIBS_value=
ac_cv_env_GOBJECT_CFLAGS_set=
ac_cv_env_GOBJECT_CFLAGS_value=
ac_cv_env_GOBJECT_LIBS_set=
ac_cv_env_GOBJECT_LIBS_value=
ac_cv_env_LDFLAGS_set=
ac_cv_env_LDFLAGS_value=
ac_cv_env_LIBS_set=
ac_cv_env_LIBS_value=
ac_cv_env_PKG_CONFIG_LIBDIR_set=
ac_cv_env_PKG_CONFIG_LIBDIR_value=
ac_cv_env_PKG_CONFIG_PATH_set=
ac_cv_env_PKG_CONFIG_PATH_value=
ac_cv_env_PKG_CONFIG_set=
ac_cv_env_PKG_CONFIG_value=
ac_cv_env_build_alias_set=
ac_cv_env_build_alias_value=
ac_cv_env_host_alias_set=
ac_cv_env_host_alias_value=
ac_cv_env_target_alias_set=
ac_cv_env_target_alias_value=
ac_cv_objext=o
ac_cv_path_ac_pt_PKG_CONFIG=/usr/bin/pkg-config
ac_cv_path_install='/usr/bin/install -c'
ac_cv_path_mkdir=/bin/mkdir
ac_cv_prog_AWK=gawk
ac_cv_prog_ac_ct_CC=gcc
ac_cv_prog_cc_c89=
ac_cv_prog_cc_g=yes
ac_cv_prog_cc_gcc_c_o=yes
ac_cv_prog_make_make_set=yes
am_cv_CC_dependencies_compiler_type=gcc3
am_cv_prog_tar_ustar=cpio
pkg_cv_DBUS_CFLAGS='-I/usr/include/dbus-1.0 -I/usr/lib/x86_64-linux-gnu/dbus-1.0/include  '
pkg_cv_DBUS_LIBS='-ldbus-1 -lpthread -lrt  '
pkg_cv_GIO_CFLAGS='-pthread -I/usr/include/glib-2.0 -I/usr/lib/x86_64-linux-gnu/glib-2.0/include  '
pkg_cv_GIO_LIBS='-lgio-2.0 -lgobject-2.0 -lglib-2.0  '
pkg_cv_GIO_UNIX_CFLAGS='-pthread -I/usr/include/gio-unix-2.0/ -I/usr/include/glib-2.0 -I/usr/lib/x86_64-linux-gnu/glib-2.0/include  '
pkg_cv_GIO_UNIX_LIBS='-lgio-2.0 -lgobject-2.0 -lglib-2.0  '
pkg_cv_GLIB_CFLAGS='-I/usr/include/glib-2.0 -I/usr/lib/x86_64-linux-gnu/glib-2.0/include  '
pkg_cv_GLIB_LIBS='-lglib-2.0  '
pkg_cv_GOBJECT_CFLAGS='-I/usr/include/glib-2.0 -I/usr/lib/x86_64-linux-gnu/glib-2.0/include  '
pkg_cv_GOBJECT_LIBS='-lgobject-2.0 -lglib-2.0  '

## ----------------- ##
## Output variables. ##
## ----------------- ##

ACLOCAL='${SHELL} /home/uidj4668/code/CPP/glib/GDBUS/gdbus_example/build/missing --run aclocal-1.11'
AMDEPBACKSLASH='\'
AMDEP_FALSE='#'
AMDEP_TRUE=''
AMTAR='$${TAR-tar}'
AUTOCONF='${SHELL} /home/uidj4668/code/CPP/glib/GDBUS/gdbus_example/build/missing --run autoconf'
AUTOHEADER='${SHELL} /home/uidj4668/code/CPP/glib/GDBUS/gdbus_example/build/missing --run autoheader'
AUTOMAKE='${SHELL} /home/uidj4668/code/CPP/glib/GDBUS/gdbus_example/build/missing --run automake-1.11'
AWK='gawk'
CC='gcc'
CCDEPMODE='depmode=gcc3'
CFLAGS='-g -O2'
CPPFLAGS=''
CYGPATH_W='echo'
DBUS_CFLAGS='-I/usr/include/dbus-1.0 -I/usr/lib/x86_64-linux-gnu/dbus-1.0/include  '
DBUS_LIBS='-ldbus-1 -lpthread -lrt  '
DEFS='-DPACKAGE_NAME=\"conti-gdbus-example\" -DPACKAGE_TARNAME=\"conti-gdbus-example\" -DPACKAGE_VERSION=\"1.0.0\" -DPACKAGE_STRING=\"conti-gdbus-example\ 1.0.0\" -DPACKAGE_BUGREPORT=\"\" -DPACKAGE_URL=\"\" -DPACKAGE=\"conti-gdbus-example\" -DVERSION=\"1.0.0\"'
DEPDIR='.deps'
ECHO_C=''
ECHO_N='-n'
ECHO_T=''
EXEEXT=''
GIO_CFLAGS='-pthread -I/usr/include/glib-2.0 -I/usr/lib/x86_64-linux-gnu/glib-2.0/include  '
GIO_LIBS='-lgio-2.0 -lgobject-2.0 -lglib-2.0  '
GIO_UNIX_CFLAGS='-pthread -I/usr/include/gio-unix-2.0/ -I/usr/include/glib-2.0 -I/usr/lib/x86_64-linux-gnu/glib-2.0/include  '
GIO_UNIX_LIBS='-lgio-2.0 -lgobject-2.0 -lglib-2.0  '
GLIB_CFLAGS='-I/usr/include/glib-2.0 -I/usr/lib/x86_64-linux-gnu/glib-2.0/include  '
GLIB_LIBS='-lglib-2.0  '
GOBJECT_CFLAGS='-I/usr/include/glib-2.0 -I/usr/lib/x86_64-linux-gnu/glib-2.0/include  '
GOBJECT_LIBS='-lgobject-2.0 -lglib-2.0  '
INSTALL_DATA='${INSTALL} -m 644'
INSTALL_PROGRAM='${INSTALL}'
INSTALL_SCRIPT='${INSTALL}'
INSTALL_STRIP_PROGRAM='$(install_sh) -c -s'
LDFLAGS=''
LIBOBJS=''
LIBS=''
LTLIBOBJS=''
MAKEINFO='${SHELL} /home/uidj4668/code/CPP/glib/GDBUS/gdbus_example/build/missing --run makeinfo'
MKDIR_P='/bin/mkdir -p'
OBJEXT='o'
PACKAGE='conti-gdbus-example'
PACKAGE_BUGREPORT=''
PACKAGE_NAME='conti-gdbus-example'
PACKAGE_STRING='conti-gdbus-example 1.0.0'
PACKAGE_TARNAME='conti-gdbus-example'
PACKAGE_URL=''
PACKAGE_VERSION='1.0.0'
PATH_SEPARATOR=':'
PKG_CONFIG='/usr/bin/pkg-config'
PKG_CONFIG_LIBDIR=''
PKG_CONFIG_PATH=''
SET_MAKE=''
SHELL='/bin/sh'
STRIP=''
VERSION='1.0.0'
ac_ct_CC='gcc'
am__EXEEXT_FALSE=''
am__EXEEXT_TRUE='#'
am__fastdepCC_FALSE='#'
am__fastdepCC_TRUE=''
am__include='include'
am__isrc=''
am__leading_dot='.'
am__nodep='_no'
am__quote=''
am__tar='find "$$tardir" -print | cpio -o -H ustar -L'
am__untar='cpio -i -H ustar -d'
bindir='${exec_prefix}/bin'
build_alias=''
datadir='${datarootdir}'
datarootdir='${prefix}/share'
dbusinterfacesdir='/usr/share/dbus-1/interfaces'
docdir='${datarootdir}/doc/${PACKAGE_TARNAME}'
dvidir='${docdir}'
exec_prefix='${prefix}'
host_alias=''
htmldir='${docdir}'
includedir='${prefix}/include'
infodir='${datarootdir}/info'
install_sh='${SHELL} /home/uidj4668/code/CPP/glib/GDBUS/gdbus_example/build/install-sh'
libdir='${exec_prefix}/lib'
libexecdir='${exec_prefix}/libexec'
localedir='${datarootdir}/locale'
localstatedir='${prefix}/var'
mandir='${datarootdir}/man'
mkdir_p='/bin/mkdir -p'
oldincludedir='/usr/include'
pdfdir='${docdir}'
prefix='/usr/local'
program_transform_name='s,x,x,'
psdir='${docdir}'
sbindir='${exec_prefix}/sbin'
sharedstatedir='${prefix}/com'
sysconfdir='${prefix}/etc'
target_alias=''

## ----------- ##
## confdefs.h. ##
## ----------- ##

/* confdefs.h */
#define PACKAGE_NAME "conti-gdbus-example"
#define PACKAGE_TARNAME "conti-gdbus-example"
#define PACKAGE_VERSION "1.0.0"
#define PACKAGE_STRING "conti-gdbus-example 1.0.0"
#define PACKAGE_BUGREPORT ""
#define PACKAGE_URL ""
#define PACKAGE "conti-gdbus-example"
#define VERSION "1.0.0"

configure: exit 0
